<?xml version="1.0" encoding="UTF-8"?>
<!-- Generated by org.testng.reporters.JUnitReportReporter -->
<testsuite hostname="MacBooks-MacBook-Pro.local" failures="0" tests="1" name="runner.Runner" time="14.455" errors="0" timestamp="2022-01-12T13:23:53 GMT" skipped="0">
  <testcase classname="runner.Runner" name="runScenario" time="14.455"/>
  <system-out/>
</testsuite> <!-- runner.Runner -->
